TN:
SF:/home/antonvs/Data/Studies/HackReactor/tradehouse/client/src/components/Checkbox.jsx
FN:4,(anonymous_0)
FN:13,(anonymous_1)
FN:17,(anonymous_2)
FNF:3
FNH:3
FNDA:1,(anonymous_0)
FNDA:1,(anonymous_1)
FNDA:2,(anonymous_2)
DA:5,1
DA:6,1
DA:10,1
DA:14,1
DA:18,2
LF:5
LH:5
BRDA:25,0,0,1
BRDA:25,0,1,1
BRF:2
BRH:2
end_of_record
TN:
SF:/home/antonvs/Data/Studies/HackReactor/tradehouse/client/src/components/Link.jsx
FN:9,(anonymous_0)
FN:20,(anonymous_1)
FN:24,(anonymous_2)
FN:28,(anonymous_3)
FNF:4
FNH:4
FNDA:1,(anonymous_0)
FNDA:1,(anonymous_1)
FNDA:1,(anonymous_2)
FNDA:3,(anonymous_3)
DA:3,1
DA:10,1
DA:12,1
DA:13,1
DA:15,1
DA:21,1
DA:25,1
DA:29,3
LF:8
LH:8
BRDA:32,0,0,3
BRDA:32,0,1,0
BRF:2
BRH:1
end_of_record
TN:
SF:/home/antonvs/Data/Studies/HackReactor/tradehouse/tests/sum.js
FN:1,sum
FNF:1
FNH:1
FNDA:1,sum
DA:2,1
DA:4,1
LF:2
LH:2
BRF:0
BRH:0
end_of_record
